<?xml version="1.0" encoding="UTF-8"?>
<testng-results ignored="0" total="1" passed="1" failed="0" skipped="0">
  <reporter-output>
  </reporter-output>
  <suite started-at="2021-12-10T01:37:26 EST" name="Default suite" finished-at="2021-12-10T01:37:29 EST" duration-ms="2872">
    <groups>
    </groups>
    <test started-at="2021-12-10T01:37:26 EST" name="Default test" finished-at="2021-12-10T01:37:29 EST" duration-ms="2872">
      <class name="com.automation.Test_001_Test">
        <test-method signature="createBooking()[pri:0, instance:com.automation.Test_001_Test@1e802ef9]" started-at="2021-12-10T01:37:26 EST" name="createBooking" finished-at="2021-12-10T01:37:29 EST" duration-ms="2825" status="PASS">
          <reporter-output>
          </reporter-output>
        </test-method> <!-- createBooking -->
      </class> <!-- com.automation.Test_001_Test -->
    </test> <!-- Default test -->
  </suite> <!-- Default suite -->
</testng-results>
